# JRE version: Java(TM) SE Runtime Environment (8.0_45-b14) (build 1.8.0_45-b14)
# Java VM: Java HotSpot(TM) Client VM (25.45-b02 mixed mode windows-x86 )
Heap:
 def new generation   total 78336K, used 39251K [0x04800000, 0x09cf0000, 0x09d50000)
  eden space 69696K,  56% used [0x04800000, 0x06e54f98, 0x08c10000)
  from space 8640K,   0% used [0x08c10000, 0x08c10000, 0x09480000)
  to   space 8640K,   0% used [0x09480000, 0x09480000, 0x09cf0000)
 tenured generation   total 173876K, used 104325K [0x09d50000, 0x1471d000, 0x14800000)
   the space 173876K,  59% used [0x09d50000, 0x103314d8, 0x10331600, 0x1471d000)
 Metaspace       used 14601K, capacity 14838K, committed 14976K, reserved 15744K
GC Heap History (10 events):
Event: 27.971 GC heap before
{Heap before GC invocations=36 (full 5):
 def new generation   total 46400K, used 43935K [0x04800000, 0x07a50000, 0x09d50000)
  eden space 41280K, 100% used [0x04800000, 0x07050000, 0x07050000)
  from space 5120K,  51% used [0x07050000, 0x072e7e40, 0x07550000)
  to   space 5120K,   0% used [0x07550000, 0x07550000, 0x07a50000)
 tenured generation   total 102924K, used 78440K [0x09d50000, 0x101d3000, 0x14800000)
   the space 102924K,  76% used [0x09d50000, 0x0e9ea120, 0x0e9ea200, 0x101d3000)
 Metaspace       used 14522K, capacity 14737K, committed 14848K, reserved 15744K
Event: 27.974 GC heap after
Heap after GC invocations=37 (full 5):
 def new generation   total 46400K, used 2627K [0x04800000, 0x07a50000, 0x09d50000)
  eden space 41280K,   0% used [0x04800000, 0x04800000, 0x07050000)
  from space 5120K,  51% used [0x07550000, 0x077e0e68, 0x07a50000)
  to   space 5120K,   0% used [0x07050000, 0x07050000, 0x07550000)
 tenured generation   total 102924K, used 78564K [0x09d50000, 0x101d3000, 0x14800000)
   the space 102924K,  76% used [0x09d50000, 0x0ea09238, 0x0ea09400, 0x101d3000)
 Metaspace       used 14522K, capacity 14737K, committed 14848K, reserved 15744K
}
Event: 28.115 GC heap before
{Heap before GC invocations=37 (full 5):
 def new generation   total 46400K, used 43907K [0x04800000, 0x07a50000, 0x09d50000)
  eden space 41280K, 100% used [0x04800000, 0x07050000, 0x07050000)
  from space 5120K,  51% used [0x07550000, 0x077e0e68, 0x07a50000)
  to   space 5120K,   0% used [0x07050000, 0x07050000, 0x07550000)
 tenured generation   total 102924K, used 78564K [0x09d50000, 0x101d3000, 0x14800000)
   the space 102924K,  76% used [0x09d50000, 0x0ea09238, 0x0ea09400, 0x101d3000)
 Metaspace       used 14522K, capacity 14737K, committed 14848K, reserved 15744K
Event: 28.119 GC heap after
Heap after GC invocations=38 (full 5):
 def new generation   total 46400K, used 2661K [0x04800000, 0x07a50000, 0x09d50000)
  eden space 41280K,   0% used [0x04800000, 0x04800000, 0x07050000)
  from space 5120K,  51% used [0x07050000, 0x072e9508, 0x07550000)
  to   space 5120K,   0% used [0x07550000, 0x07550000, 0x07a50000)
 tenured generation   total 102924K, used 78711K [0x09d50000, 0x101d3000, 0x14800000)
   the space 102924K,  76% used [0x09d50000, 0x0ea2dc70, 0x0ea2de00, 0x101d3000)
 Metaspace       used 14522K, capacity 14737K, committed 14848K, reserved 15744K
}
Event: 28.436 GC heap before
{Heap before GC invocations=38 (full 5):
 def new generation   total 46400K, used 43941K [0x04800000, 0x07a50000, 0x09d50000)
  eden space 41280K, 100% used [0x04800000, 0x07050000, 0x07050000)
  from space 5120K,  51% used [0x07050000, 0x072e9508, 0x07550000)
  to   space 5120K,   0% used [0x07550000, 0x07550000, 0x07a50000)
 tenured generation   total 102924K, used 78711K [0x09d50000, 0x101d3000, 0x14800000)
   the space 102924K,  76% used [0x09d50000, 0x0ea2dc70, 0x0ea2de00, 0x101d3000)
 Metaspace       used 14590K, capacity 14833K, committed 14976K, reserved 15744K
Event: 28.446 GC heap after
Heap after GC invocations=39 (full 5):
 def new generation   total 46400K, used 5120K [0x04800000, 0x07a50000, 0x09d50000)
  eden space 41280K,   0% used [0x04800000, 0x04800000, 0x07050000)
  from space 5120K, 100% used [0x07550000, 0x07a50000, 0x07a50000)
  to   space 5120K,   0% used [0x07050000, 0x07050000, 0x07550000)
 tenured generation   total 102924K, used 83026K [0x09d50000, 0x101d3000, 0x14800000)
   the space 102924K,  80% used [0x09d50000, 0x0ee64bb0, 0x0ee64c00, 0x101d3000)
 Metaspace       used 14590K, capacity 14833K, committed 14976K, reserved 15744K
}
Event: 28.707 GC heap before
{Heap before GC invocations=39 (full 5):
 def new generation   total 46400K, used 46400K [0x04800000, 0x07a50000, 0x09d50000)
  eden space 41280K, 100% used [0x04800000, 0x07050000, 0x07050000)
  from space 5120K, 100% used [0x07550000, 0x07a50000, 0x07a50000)
  to   space 5120K,   0% used [0x07050000, 0x07050000, 0x07550000)
 tenured generation   total 102924K, used 83026K [0x09d50000, 0x101d3000, 0x14800000)
   the space 102924K,  80% used [0x09d50000, 0x0ee64bb0, 0x0ee64c00, 0x101d3000)
 Metaspace       used 14592K, capacity 14833K, committed 14976K, reserved 15744K
Event: 28.725 GC heap after
Heap after GC invocations=40 (full 5):
 def new generation   total 46400K, used 5120K [0x04800000, 0x07a50000, 0x09d50000)
  eden space 41280K,   0% used [0x04800000, 0x04800000, 0x07050000)
  from space 5120K, 100% used [0x07050000, 0x07550000, 0x07550000)
  to   space 5120K,   0% used [0x07550000, 0x07550000, 0x07a50000)
 tenured generation   total 102924K, used 97977K [0x09d50000, 0x101d3000, 0x14800000)
   the space 102924K,  95% used [0x09d50000, 0x0fcfe540, 0x0fcfe600, 0x101d3000)
 Metaspace       used 14592K, capacity 14833K, committed 14976K, reserved 15744K
}
Event: 28.914 GC heap before
{Heap before GC invocations=40 (full 5):
 def new generation   total 46400K, used 46400K [0x04800000, 0x07a50000, 0x09d50000)
  eden space 41280K, 100% used [0x04800000, 0x07050000, 0x07050000)
  from space 5120K, 100% used [0x07050000, 0x07550000, 0x07550000)
  to   space 5120K,   0% used [0x07550000, 0x07550000, 0x07a50000)
 tenured generation   total 102924K, used 97977K [0x09d50000, 0x101d3000, 0x14800000)
   the space 102924K,  95% used [0x09d50000, 0x0fcfe540, 0x0fcfe600, 0x101d3000)
 Metaspace       used 14595K, capacity 14833K, committed 14976K, reserved 15744K
Event: 29.007 GC heap after
Heap after GC invocations=41 (full 6):
 def new generation   total 78336K, used 0K [0x04800000, 0x09cf0000, 0x09d50000)
  eden space 69696K,   0% used [0x04800000, 0x04800000, 0x08c10000)
  from space 8640K,   0% used [0x08c10000, 0x08c10000, 0x09480000)
  to   space 8640K,   0% used [0x09480000, 0x09480000, 0x09cf0000)
 tenured generation   total 173876K, used 104325K [0x09d50000, 0x1471d000, 0x14800000)
   the space 173876K,  59% used [0x09d50000, 0x103314d8, 0x10331600, 0x1471d000)
 Metaspace       used 14595K, capacity 14833K, committed 14976K, reserved 15744K
}

